<?xml version="1.0" encoding="UTF-8"?>
<!-- Generated by org.testng.reporters.JUnitReportReporter -->
<testsuite hostname="HDC3-L-1PH60F3" failures="0" tests="1" name="org.apitesting.ReqresAPITestingPostThrid" time="1.575" errors="0" timestamp="03 Nov 2022 06:32:49 GMT" skipped="0">
  <testcase classname="org.apitesting.ReqresAPITestingPostThrid" name="LoginDetailsToGetToken" time="1.575"/>
</testsuite> <!-- org.apitesting.ReqresAPITestingPostThrid -->
