<?xml version="1.0" encoding="UTF-8"?>
<!-- Generated by org.testng.reporters.JUnitReportReporter -->
<testsuite hostname="HDC3-L-1PH60F3" failures="0" tests="1" name="org.apitesting.ReqresAPITesting" time="1.502" errors="0" timestamp="03 Nov 2022 05:01:59 GMT" skipped="0">
  <testcase classname="org.apitesting.ReqresAPITesting" name="TestGetReqres" time="1.502"/>
</testsuite> <!-- org.apitesting.ReqresAPITesting -->
