<?xml version="1.0" encoding="UTF-8"?>
<!-- Generated by org.testng.reporters.JUnitReportReporter -->
<testsuite hostname="HDC3-L-1PH60F3" failures="0" tests="1" name="org.apitesting.ReqresAPITestingPostBodyObject" time="2.629" errors="0" timestamp="03 Nov 2022 06:46:53 GMT" skipped="0">
  <testcase classname="org.apitesting.ReqresAPITestingPostBodyObject" name="toCreateUserThroughPost" time="2.629"/>
</testsuite> <!-- org.apitesting.ReqresAPITestingPostBodyObject -->
