<?xml version="1.0" encoding="UTF-8"?>
<!-- Generated by org.testng.reporters.JUnitReportReporter -->
<testsuite hostname="HDC3-L-1PH60F3" failures="0" tests="1" name="org.apitesting.ReqresPostBodyObjectAPITestingSecond" time="1.879" errors="0" timestamp="03 Nov 2022 06:50:47 GMT" skipped="0">
  <testcase classname="org.apitesting.ReqresPostBodyObjectAPITestingSecond" name="toRegisterThroughPost" time="1.879"/>
</testsuite> <!-- org.apitesting.ReqresPostBodyObjectAPITestingSecond -->
