<?xml version="1.0" encoding="UTF-8"?>
<!-- Generated by org.testng.reporters.JUnitReportReporter -->
<testsuite hostname="HDC3-L-1PH60F3" failures="0" tests="1" name="org.apitesting.ReqresAPITestingPost" time="1.644" errors="0" timestamp="03 Nov 2022 06:05:56 GMT" skipped="0">
  <testcase classname="org.apitesting.ReqresAPITestingPost" name="getPostData" time="1.644"/>
</testsuite> <!-- org.apitesting.ReqresAPITestingPost -->
