<?xml version="1.0" encoding="UTF-8"?>
<!-- Generated by org.testng.reporters.JUnitReportReporter -->
<testsuite hostname="HDC3-L-1PH60F3" failures="0" tests="1" name="org.apitesting.SwaggerUIPathParameter" time="4.672" errors="0" timestamp="04 Nov 2022 05:24:40 GMT" skipped="0">
  <testcase classname="org.apitesting.SwaggerUIPathParameter" name="SwaggerUIPathParameter" time="4.672"/>
</testsuite> <!-- org.apitesting.SwaggerUIPathParameter -->
