<?xml version="1.0" encoding="UTF-8"?>
<!-- Generated by org.testng.reporters.JUnitReportReporter -->
<testsuite hostname="HDC3-L-1PH60F3" failures="0" tests="1" name="org.apitesting.TAUAutomationSpecification" time="1.701" errors="0" timestamp="04 Nov 2022 07:43:11 GMT" skipped="0">
  <testcase classname="org.apitesting.TAUAutomationSpecification" name="RequestSpecificationExample" time="1.701"/>
</testsuite> <!-- org.apitesting.TAUAutomationSpecification -->
