<?xml version="1.0" encoding="UTF-8"?>
<!-- Generated by org.testng.reporters.JUnitReportReporter -->
<testsuite hostname="HDC3-L-1PH60F3" failures="0" tests="1" name="org.apitesting.ReqresDeleteAPITesting" time="1.581" errors="0" timestamp="03 Nov 2022 07:10:29 GMT" skipped="0">
  <testcase classname="org.apitesting.ReqresDeleteAPITesting" name="toDeleteRecord" time="1.581"/>
</testsuite> <!-- org.apitesting.ReqresDeleteAPITesting -->
