<?xml version="1.0" encoding="UTF-8"?>
<!-- Generated by org.testng.reporters.JUnitReportReporter -->
<testsuite hostname="HDC3-L-1PH60F3" failures="0" tests="1" name="org.apitesting.SwaggerUIPostAPITesting" time="2.293" errors="0" timestamp="03 Nov 2022 06:22:35 GMT" skipped="0">
  <testcase classname="org.apitesting.SwaggerUIPostAPITesting" name="addNewPetToStore" time="2.293"/>
</testsuite> <!-- org.apitesting.SwaggerUIPostAPITesting -->
