<?xml version="1.0" encoding="UTF-8"?>
<!-- Generated by org.testng.reporters.JUnitReportReporter -->
<testsuite hostname="HDC3-L-1PH60F3" failures="0" tests="1" name="org.apitesting.TAUAPITESTINGPATHPARAMETERSECOND" time="1.894" errors="0" timestamp="04 Nov 2022 05:04:01 GMT" skipped="0">
  <testcase classname="org.apitesting.TAUAPITESTINGPATHPARAMETERSECOND" name="getDetailsViaPathParameter" time="1.894"/>
</testsuite> <!-- org.apitesting.TAUAPITESTINGPATHPARAMETERSECOND -->
