<?xml version="1.0" encoding="UTF-8"?>
<!-- Generated by org.testng.reporters.JUnitReportReporter -->
<testsuite hostname="HDC3-L-1PH60F3" failures="0" tests="1" name="org.apitesting.TAUAPITESTINGGETRework" time="1.981" errors="0" timestamp="04 Nov 2022 04:39:10 GMT" skipped="0">
  <testcase classname="org.apitesting.TAUAPITESTINGGETRework" name="getDetails" time="1.981"/>
</testsuite> <!-- org.apitesting.TAUAPITESTINGGETRework -->
