<?xml version="1.0" encoding="UTF-8"?>
<!-- Generated by org.testng.reporters.JUnitReportReporter -->
<testsuite hostname="HDC3-L-1PH60F3" failures="0" tests="1" name="org.apitesting.ReqresAPITestingPathAndQueryParameter" time="1.757" errors="0" timestamp="04 Nov 2022 05:05:54 GMT" skipped="0">
  <testcase classname="org.apitesting.ReqresAPITestingPathAndQueryParameter" name="getDataUsingPathandQueryParameter" time="1.757"/>
</testsuite> <!-- org.apitesting.ReqresAPITestingPathAndQueryParameter -->
