<?xml version="1.0" encoding="UTF-8"?>
<!-- Generated by org.testng.reporters.JUnitReportReporter -->
<testsuite hostname="HDC3-L-1PH60F3" failures="0" tests="1" name="org.apitesting.SwaggerUIPutAPITesting" time="2.258" errors="0" timestamp="03 Nov 2022 07:03:05 GMT" skipped="0">
  <testcase classname="org.apitesting.SwaggerUIPutAPITesting" name="toUpdateExtingPetDetails" time="2.258"/>
</testsuite> <!-- org.apitesting.SwaggerUIPutAPITesting -->
