<?xml version="1.0" encoding="UTF-8"?>
<!-- Generated by org.testng.reporters.JUnitReportReporter -->
<testsuite hostname="HDC3-L-1PH60F3" failures="0" tests="1" name="org.apitesting.ReqresGetApiTesting" time="1.233" errors="0" timestamp="03 Nov 2022 05:06:25 GMT" skipped="0">
  <testcase classname="org.apitesting.ReqresGetApiTesting" name="getListOfUsers" time="1.233"/>
</testsuite> <!-- org.apitesting.ReqresGetApiTesting -->
