<?xml version="1.0" encoding="UTF-8"?>
<!-- Generated by org.testng.reporters.JUnitReportReporter -->
<testsuite hostname="HDC3-L-1PH60F3" failures="0" tests="1" name="org.apitesting.TAUAPITESTINGPATHPARAMETER" time="1.876" errors="0" timestamp="04 Nov 2022 04:56:35 GMT" skipped="0">
  <testcase classname="org.apitesting.TAUAPITESTINGPATHPARAMETER" name="pathParameterExample" time="1.876"/>
</testsuite> <!-- org.apitesting.TAUAPITESTINGPATHPARAMETER -->
