<?xml version="1.0" encoding="UTF-8"?>
<!-- Generated by org.testng.reporters.JUnitReportReporter -->
<testsuite hostname="HDC3-L-1PH60F3" failures="0" tests="1" name="org.apitesting.SwaggerUiPetstoreGetApiTesting" time="2.899" errors="0" timestamp="03 Nov 2022 05:11:01 GMT" skipped="0">
  <testcase classname="org.apitesting.SwaggerUiPetstoreGetApiTesting" name="getSwaggerUiData" time="2.899"/>
</testsuite> <!-- org.apitesting.SwaggerUiPetstoreGetApiTesting -->
