<?xml version="1.0" encoding="UTF-8"?>
<!-- Generated by org.testng.reporters.JUnitReportReporter -->
<testsuite hostname="HDC3-L-1PH60F3" failures="0" tests="1" name="org.apitesting.SwaggerUiPetStoreGetApiTestingSecond" time="2.328" errors="0" timestamp="03 Nov 2022 05:27:13 GMT" skipped="0">
  <testcase classname="org.apitesting.SwaggerUiPetStoreGetApiTestingSecond" name="getPetDetails" time="2.328"/>
</testsuite> <!-- org.apitesting.SwaggerUiPetStoreGetApiTestingSecond -->
