<?xml version="1.0" encoding="UTF-8"?>
<!-- Generated by org.testng.reporters.JUnitReportReporter -->
<testsuite hostname="HDC3-L-1PH60F3" failures="0" tests="1" name="org.apitesting.ReqresAPITestingPathAndQueryParameter" time="1.746" errors="0" timestamp="03 Nov 2022 05:22:38 GMT" skipped="0">
  <testcase classname="org.apitesting.ReqresAPITestingPathAndQueryParameter" name="getDataUsingPathandQueryParameter" time="1.746"/>
</testsuite> <!-- org.apitesting.ReqresAPITestingPathAndQueryParameter -->
