<?xml version="1.0" encoding="UTF-8"?>
<!-- Generated by org.testng.reporters.JUnitReportReporter -->
<testsuite hostname="HDC3-L-1PH60F3" failures="0" tests="1" name="org.apitesting.ReqresApiTestingPostSecond" time="1.589" errors="0" timestamp="03 Nov 2022 06:09:00 GMT" skipped="0">
  <testcase classname="org.apitesting.ReqresApiTestingPostSecond" name="postToGetRegistered" time="1.589"/>
</testsuite> <!-- org.apitesting.ReqresApiTestingPostSecond -->
