<?xml version="1.0" encoding="UTF-8"?>
<!-- Generated by org.testng.reporters.JUnitReportReporter -->
<testsuite hostname="HDC3-L-1PH60F3" failures="0" tests="1" name="org.apitesting.ReqresPutAPITestObjectBody" time="1.799" errors="0" timestamp="03 Nov 2022 06:59:46 GMT" skipped="0">
  <testcase classname="org.apitesting.ReqresPutAPITestObjectBody" name="toUpdateUserJobUsingPutAndObject" time="1.799"/>
</testsuite> <!-- org.apitesting.ReqresPutAPITestObjectBody -->
