<?xml version="1.0" encoding="UTF-8"?>
<!-- Generated by org.testng.reporters.JUnitReportReporter -->
<testsuite hostname="HDC3-L-1PH60F3" failures="0" tests="1" name="org.apitesting.SwaggerUIPostAPITestingSecond" time="2.250" errors="0" timestamp="03 Nov 2022 06:29:28 GMT" skipped="0">
  <testcase classname="org.apitesting.SwaggerUIPostAPITestingSecond" name="toPostOrderForPet" time="2.250"/>
</testsuite> <!-- org.apitesting.SwaggerUIPostAPITestingSecond -->
