<?xml version="1.0" encoding="UTF-8"?>
<!-- Generated by org.testng.reporters.JUnitReportReporter -->
<testsuite hostname="HDC3-L-1PH60F3" failures="0" tests="1" name="org.apitesting.SwaggerUiPetStoreApiTestingPathAndQueryParameter" time="1.812" errors="0" timestamp="03 Nov 2022 05:33:03 GMT" skipped="0">
  <testcase classname="org.apitesting.SwaggerUiPetStoreApiTestingPathAndQueryParameter" name="SwaggerUIPathAndQueryParameter" time="1.812"/>
</testsuite> <!-- org.apitesting.SwaggerUiPetStoreApiTestingPathAndQueryParameter -->
