<?xml version="1.0" encoding="UTF-8"?>
<!-- Generated by org.testng.reporters.JUnitReportReporter -->
<testsuite hostname="HDC3-L-1PH60F3" failures="0" tests="1" name="org.apitesting.RequestResponseSpecificationAPITesting" time="8.824" errors="0" timestamp="04 Nov 2022 07:24:40 GMT" skipped="0">
  <testcase classname="org.apitesting.RequestResponseSpecificationAPITesting" name="RequestResponseSpecificationExample" time="8.824"/>
</testsuite> <!-- org.apitesting.RequestResponseSpecificationAPITesting -->
